2 0.00114 0.00091
3 0.00121 0.00108
4 0.00131 0.00112
5 0.00123 0.00139
6 0.00156 0.00122
7 0.00174 0.00166
8 0.00250 0.00275
9 0.00218 0.00165
10 0.00207 0.00159
11 0.00237 0.00168
12 0.00248 0.00173
13 0.00247 0.01414
14 0.00260 0.00188
15 0.00287 0.00214
16 0.00351 0.00253
17 0.00331 0.00253
18 0.01380 0.00264
19 0.00399 0.00351
20 0.00517 0.00248
21 0.00661 0.00372
22 0.00451 0.00397
23 0.00477 0.00299
24 0.00521 0.00316
25 0.00493 0.00433
26 0.00524 0.00448
27 0.01695 0.00518
28 0.00535 0.00351
29 0.00699 0.00485
30 0.00703 0.00415
