2 0.00011 0.00009
3 0.00014 0.00012
4 0.00025 0.00020
5 0.00026 0.00167
6 0.00029 0.00215
7 0.00032 0.00024
8 0.00042 0.00034
9 0.00044 0.00346
10 0.00048 0.00263
11 0.00046 0.00036
12 0.00048 0.00225
13 0.00049 0.00371
14 0.00537 0.00219
15 0.00505 0.00039
16 0.00531 0.00050
17 0.00562 0.00050
18 0.00545 0.00531
19 0.00552 0.00546
20 0.00079 0.01024
21 0.00070 0.00241
22 0.00531 0.00239
23 0.00070 0.00242
24 0.00080 0.00055
25 0.00076 0.00053
26 0.00571 0.00053
27 0.00569 0.00249
28 0.00574 0.00055
29 0.00080 0.00209
30 0.00079 0.00213
