1p0_32176:  p4_error: interrupt SIGSEGV: 11
p0_32176: (40.442045) net_send: could not write to fd=4, errno = 32

2p0_757:  p4_error: interrupt SIGSEGV: 11
p0_757: (42.493182) net_send: could not write to fd=4, errno = 32

3p0_1906:  p4_error: interrupt SIGSEGV: 11

4p0_2590:  p4_error: interrupt SIGSEGV: 11
p0_1906: (37.777552) net_send: could not write to fd=4, errno = 32
p0_2590: (39.822731) net_send: could not write to fd=4, errno = 32

5p0_3689:  p4_error: interrupt SIGSEGV: 11
p0_3689: (42.925223) net_send: could not write to fd=4, errno = 32

6p0_4861:  p4_error: interrupt SIGSEGV: 11
p0_4861: (43.164306) net_send: could not write to fd=4, errno = 32

7p0_5436:  p4_error: Child process exited while making connection to remote process on blade03: 0
p0_5436: (36.410766) net_send: could not write to fd=4, errno = 32

8p1_8331:  p4_error: interrupt SIGSEGV: 11
p10_9112:  p4_error: interrupt SIGSEGV: 11
p0_6245:  p4_error: interrupt SIGSEGV: 11
p3_26036:  p4_error: interrupt SIGSEGV: 11
p0_6245: (44.930336) net_send: could not write to fd=4, errno = 32

9p0_6803:  p4_error: interrupt SIGSEGV: 11
p0_6803: (40.362761) net_send: could not write to fd=4, errno = 32

10p0_9787:  p4_error: interrupt SIGSEGV: 11

11p2_15497:  p4_error: interrupt SIGSEGV: 11
p1_8548:  p4_error: interrupt SIGSEGV: 11
p10_9200:  p4_error: interrupt SIGSEGV: 11
p6_15209:  p4_error: interrupt SIGSEGV: 11
p8_20901:  p4_error: interrupt SIGSEGV: 11
p5_28882:  p4_error: interrupt SIGSEGV: 11
p9_27813:  p4_error: interrupt SIGSEGV: 11
p4_21575:  p4_error: interrupt SIGSEGV: 11
p12_2765:  p4_error: interrupt SIGSEGV: 11
p11_13972:  p4_error: interrupt SIGSEGV: 11
p16_21597:  p4_error: interrupt SIGSEGV: 11
p13_8570:  p4_error: interrupt SIGSEGV: 11
p3_26203:  p4_error: interrupt SIGSEGV: 11
p7_3831:  p4_error: interrupt SIGSEGV: 11
p14_15521:  p4_error: interrupt SIGSEGV: 11
p17_28904:  p4_error: interrupt SIGSEGV: 11
p15_26232:  p4_error: interrupt SIGSEGV: 11
p19_3853:  p4_error: interrupt SIGSEGV: 11
p18_15231:  p4_error: interrupt SIGSEGV: 11

12rm_l_10_9207: (3.375102) net_send: could not write to fd=5, errno = 32
rm_l_1_8555: (6.395233) net_send: could not write to fd=5, errno = 32
rm_l_6_15216: (5.185819) net_send: could not write to fd=5, errno = 32
rm_l_5_28889: (5.405487) net_send: could not write to fd=5, errno = 32
rm_l_2_15505: (6.145744) net_send: could not write to fd=5, errno = 32
rm_l_4_21582: (5.645370) net_send: could not write to fd=5, errno = 32
rm_l_9_27820: (3.714902) net_send: could not write to fd=5, errno = 32
rm_l_3_26213: (5.895885) net_send: could not write to fd=5, errno = 32
rm_l_7_3838: (4.184656) net_send: could not write to fd=5, errno = 32
rm_l_17_28911: (1.143206) net_send: could not write to fd=5, errno = 32
rm_l_8_20908: (3.955109) net_send: could not write to fd=5, errno = 32
rm_l_12_2772: (2.706012) net_send: could not write to fd=5, errno = 32
rm_l_15_26240: (1.765653) net_send: could not write to fd=5, errno = 32
rm_l_11_13979: (2.915200) net_send: could not write to fd=5, errno = 32
rm_l_16_21604: (1.475174) net_send: could not write to fd=5, errno = 32
rm_l_14_15528: (1.985271) net_send: could not write to fd=5, errno = 32
rm_l_13_8577: (2.439826) net_send: could not write to fd=5, errno = 32
rm_l_18_15238: (0.520923) net_send: could not write to fd=5, errno = 32
rm_l_19_3860: (0.045719) net_send: could not write to fd=5, errno = 32
p0_12049:  p4_error: interrupt SIGSEGV: 11
p0_12049: (7.979631) net_send: could not write to fd=24, errno = 104
p9_27813: (37.876824) net_send: could not write to fd=5, errno = 32
p10_9200: (37.543087) net_send: could not write to fd=5, errno = 32
p8_20901: (40.127907) net_send: could not write to fd=5, errno = 32
p3_26203: (42.070304) net_send: could not write to fd=5, errno = 32
p4_21575: (41.819999) net_send: could not write to fd=5, errno = 32
p15_26232: (37.939743) net_send: could not write to fd=5, errno = 32
p16_21597: (37.649929) net_send: could not write to fd=5, errno = 32
p11_13972: (39.092309) net_send: could not write to fd=5, errno = 32
p2_15497: (42.323600) net_send: could not write to fd=5, errno = 32
p14_15521: (38.162959) net_send: could not write to fd=5, errno = 32
p12_2765: (38.884513) net_send: could not write to fd=5, errno = 32
p17_28904: (37.323536) net_send: could not write to fd=5, errno = 32
p5_28882: (41.585959) net_send: could not write to fd=5, errno = 32
p6_15209: (41.366484) net_send: could not write to fd=5, errno = 32
p18_15231: (36.701257) net_send: could not write to fd=5, errno = 32
p1_8548: (42.575870) net_send: could not write to fd=5, errno = 32
p13_8570: (38.620053) net_send: could not write to fd=5, errno = 32
p7_3831: (40.369300) net_send: could not write to fd=5, errno = 32
p19_3853: (38.227567) net_send: could not write to fd=5, errno = 32
p0_12049: (44.160930) net_send: could not write to fd=4, errno = 32

13p0_16316:  p4_error: interrupt SIGSEGV: 11
p0_16316: (39.565747) net_send: could not write to fd=4, errno = 32

14p9_27978:  p4_error: interrupt SIGSEGV: 11
p0_20477:  p4_error: interrupt SIGSEGV: 11
p1_8944:  p4_error: interrupt SIGSEGV: 11
p2_16193:  p4_error: interrupt SIGSEGV: 11
p10_9354:  p4_error: interrupt SIGSEGV: 11
p8_21066:  p4_error: interrupt SIGSEGV: 11
p4_21993:  p4_error: interrupt SIGSEGV: 11
p5_29257:  p4_error: interrupt SIGSEGV: 11
p6_15577:  p4_error: interrupt SIGSEGV: 11
p7_4179:  p4_error: interrupt SIGSEGV: 11
p11_14126:  p4_error: interrupt SIGSEGV: 11
p12_2919:  p4_error: interrupt SIGSEGV: 11
p14_16216:  p4_error: interrupt SIGSEGV: 11
p3_26629:  p4_error: interrupt SIGSEGV: 11
p15_26653:  p4_error: interrupt SIGSEGV: 11
p13_8964:  p4_error: interrupt SIGSEGV: 11
p18_15590:  p4_error: interrupt SIGSEGV: 11
p16_22004:  p4_error: interrupt SIGSEGV: 11
p17_29271:  p4_error: interrupt SIGSEGV: 11

15rm_l_9_27985: (4.388428) net_send: could not write to fd=5, errno = 32
rm_l_1_8951: (6.769581) net_send: could not write to fd=5, errno = 32
rm_l_2_16201: (6.526913) net_send: could not write to fd=5, errno = 32
rm_l_3_26636: (6.264919) net_send: could not write to fd=5, errno = 32
rm_l_10_9361: (4.119289) net_send: could not write to fd=5, errno = 32
rm_l_8_21073: (4.652907) net_send: could not write to fd=5, errno = 32
rm_l_4_22000: (5.700530) net_send: could not write to fd=5, errno = 32
rm_l_6_15584: (5.190491) net_send: could not write to fd=5, errno = 32
rm_l_5_29265: (5.444499) net_send: could not write to fd=5, errno = 32
rm_l_7_4186: (4.909605) net_send: could not write to fd=5, errno = 32
rm_l_11_14133: (3.849213) net_send: could not write to fd=5, errno = 32
rm_l_12_2926: (3.620149) net_send: could not write to fd=5, errno = 32
rm_l_14_16223: (3.041452) net_send: could not write to fd=5, errno = 32
rm_l_13_8971: (3.350245) net_send: could not write to fd=5, errno = 32
rm_l_15_26660: (2.480082) net_send: could not write to fd=5, errno = 32
rm_l_18_15597: (1.420170) net_send: could not write to fd=5, errno = 32
rm_l_16_22011: (2.229225) net_send: could not write to fd=5, errno = 32
rm_l_17_29278: (1.686751) net_send: could not write to fd=5, errno = 32
p0_21779:  p4_error: interrupt SIGSEGV: 11
p10_9354: (36.272952) net_send: could not write to fd=5, errno = 32
p9_27978: (36.546555) net_send: could not write to fd=5, errno = 32
p1_8944: (40.937618) net_send: could not write to fd=5, errno = 32
p16_22004: (38.400533) net_send: could not write to fd=5, errno = 32
p4_21993: (41.872201) net_send: could not write to fd=5, errno = 32
p11_14126: (40.022425) net_send: could not write to fd=5, errno = 32
p2_16193: (42.700546) net_send: could not write to fd=5, errno = 32
p14_16216: (39.215015) net_send: could not write to fd=5, errno = 32
p12_2919: (39.795796) net_send: could not write to fd=5, errno = 32
p7_4179: (41.086719) net_send: could not write to fd=5, errno = 32
p17_29271: (37.862252) net_send: could not write to fd=5, errno = 32
p18_15590: (37.596284) net_send: could not write to fd=5, errno = 32
p6_15577: (41.367060) net_send: could not write to fd=5, errno = 32
p5_29257: (41.621167) net_send: could not write to fd=5, errno = 32
p13_8964: (39.527742) net_send: could not write to fd=5, errno = 32
p15_26653: (38.660396) net_send: could not write to fd=5, errno = 32
p3_26629: (42.446041) net_send: could not write to fd=5, errno = 32
p8_21066: (43.832993) net_send: could not write to fd=5, errno = 32
p0_21779: (42.954884) net_send: could not write to fd=4, errno = 32

16p0_25912:  p4_error: interrupt SIGSEGV: 11
p0_25912: (45.205123) net_send: could not write to fd=4, errno = 32

17p0_30173:  p4_error: interrupt SIGSEGV: 11
p0_30173: (36.094060) net_send: could not write to fd=4, errno = 32

18p0_1733:  p4_error: interrupt SIGSEGV: 11
p0_1733: (39.208289) net_send: could not write to fd=4, errno = 32

19p0_5564:  p4_error: interrupt SIGSEGV: 11
p0_5564: (38.905695) net_send: could not write to fd=4, errno = 32

20p0_6136:  p4_error: interrupt SIGSEGV: 11
p0_6136: (41.309342) net_send: could not write to fd=4, errno = 32

21p0_6678:  p4_error: interrupt SIGSEGV: 11
p0_6678: (38.486136) net_send: could not write to fd=4, errno = 32

22p0_8117:  p4_error: interrupt SIGSEGV: 11
p0_8117: (37.807134) net_send: could not write to fd=4, errno = 32

23p0_8646:  p4_error: interrupt SIGSEGV: 11
p0_8646: (40.878495) net_send: could not write to fd=4, errno = 32

24p0_9798:  p4_error: interrupt SIGSEGV: 11
p1_10027:  p4_error: interrupt SIGSEGV: 11

25rm_l_1_10034: (6.937007) net_send: could not write to fd=5, errno = 32
p0_10341:  p4_error: interrupt SIGSEGV: 11
p1_10027: (43.117079) net_send: could not write to fd=5, errno = 32
p0_10341: (43.658756) net_send: could not write to fd=4, errno = 32

26p0_10894:  p4_error: interrupt SIGSEGV: 11
p0_10894: (41.096227) net_send: could not write to fd=4, errno = 32

27p0_12002:  p4_error: interrupt SIGSEGV: 11
p0_12002: (45.011676) net_send: could not write to fd=4, errno = 32

28p0_12869:  p4_error: interrupt SIGSEGV: 11
p0_12869: (38.774920) net_send: could not write to fd=4, errno = 32

29p0_14616:  p4_error: interrupt SIGSEGV: 11
p0_14616: (37.920360) net_send: could not write to fd=4, errno = 32

30p0_15215:  p4_error: interrupt SIGSEGV: 11
p0_15215: (40.409198) net_send: could not write to fd=4, errno = 32

31p0_16363:  p4_error: interrupt SIGSEGV: 11
p0_16363: (38.401083) net_send: could not write to fd=4, errno = 32

32p0_17453:  p4_error: interrupt SIGSEGV: 11
p0_17453: (38.470817) net_send: could not write to fd=4, errno = 32

33p0_17997:  p4_error: interrupt SIGSEGV: 11
p0_17997: (37.546515) net_send: could not write to fd=4, errno = 32

34p0_18618:  p4_error: interrupt SIGSEGV: 11
p0_18618: (42.341249) net_send: could not write to fd=4, errno = 32

35p0_19144:  p4_error: interrupt SIGSEGV: 11
p0_19144: (40.301029) net_send: could not write to fd=4, errno = 32

36p0_19738:  p4_error: interrupt SIGSEGV: 11
p0_19738: (41.586068) net_send: could not write to fd=4, errno = 32

37p0_20726:  p4_error: interrupt SIGSEGV: 11
p0_20726: (41.235770) net_send: could not write to fd=4, errno = 32

38p0_21567:  p4_error: interrupt SIGSEGV: 11
p0_21567: (38.294394) net_send: could not write to fd=4, errno = 32

39p0_22356:  p4_error: interrupt SIGSEGV: 11
p0_22356: (39.824756) net_send: could not write to fd=4, errno = 32

40p0_22928:  p4_error: interrupt SIGSEGV: 11
p0_22928: (43.766725) net_send: could not write to fd=4, errno = 32

