100     0.00065
200     0.00069
300     0.00529
400     0.00532
500     0.01027
600     0.00539
700     0.00591
800     0.00097
900     0.00549
1000     0.00539
1100     0.00095
1200     0.00097
1300     0.00101
1400     0.00104
1500     0.01039
1600     0.00558
1700     0.00116
1800     0.00117
1900     0.00117
2000     0.00571
2100     0.00122
2200     0.00125
2300     0.00129
2400     0.00132
2500     0.00134
2600     0.00139
2700     0.00614
2800     0.00144
2900     0.00176
3000     0.00149
3100     0.00638
3200     0.00153
3300     0.00159
3400     0.00614
3500     0.00159
3600     0.01103
3700     0.00173
3800     0.00664
3900     0.00674
4000     0.00665
4100     0.00630
4200     0.00182
4300     0.00663
4400     0.00683
4500     0.00194
4600     0.00700
4700     0.00197
4800     0.00203
4900     0.00204
5000     0.00657
5100     0.00215
5200     0.01155
5300     0.01139
5400     0.00691
5500     0.00227
5600     0.00704
5700     0.00681
5800     0.00240
5900     0.00234
6000     0.00698
